SF:lib\src\domain\check\entities\check_model.dart
DA:12,2
LF:1
LH:1
end_of_record
SF:lib\src\external\services\generate_check_service_impl.dart
DA:27,1
DA:29,1
DA:30,2
DA:31,1
DA:33,1
DA:34,1
DA:35,1
DA:36,1
DA:37,1
DA:39,1
DA:42,1
DA:43,1
DA:44,3
DA:45,3
DA:46,3
DA:49,1
DA:50,3
DA:51,7
DA:54,1
DA:55,3
DA:56,5
DA:58,1
DA:60,1
DA:64,1
DA:66,3
DA:68,1
DA:72,4
DA:74,1
DA:75,1
DA:76,2
DA:77,1
DA:78,4
DA:80,1
DA:82,1
DA:83,0
DA:84,0
DA:85,0
DA:86,0
DA:88,0
DA:91,1
DA:92,3
DA:96,1
DA:97,3
DA:98,2
DA:99,6
DA:101,4
DA:103,1
DA:106,3
DA:111,1
DA:121,1
DA:122,1
DA:124,1
DA:125,1
DA:133,1
DA:135,1
DA:136,3
DA:137,1
DA:139,2
DA:142,1
DA:143,4
DA:144,4
DA:145,3
DA:148,1
DA:149,1
DA:151,7
DA:153,1
DA:154,2
LF:67
LH:62
end_of_record
